CRITICAL - 2023-12-13 08:16:45 --> Invalid file: "form_articulos.php"
in SYSTEMPATH\Exceptions\FrameworkException.php on line 39.
 1 SYSTEMPATH\View\View.php(216): CodeIgniter\Exceptions\FrameworkException::forInvalidFile('form_articulos.php')
 2 SYSTEMPATH\Common.php(1190): CodeIgniter\View\View->render('form_articulos', [], true)
 3 APPPATH\Controllers\Articulos.php(9): view('form_articulos')
 4 SYSTEMPATH\CodeIgniter.php(942): App\Controllers\Articulos->alta_articulo()
 5 SYSTEMPATH\CodeIgniter.php(502): CodeIgniter\CodeIgniter->runController(Object(App\Controllers\Articulos))
 6 SYSTEMPATH\CodeIgniter.php(361): CodeIgniter\CodeIgniter->handleRequest(null, Object(Config\Cache), false)
 7 FCPATH\index.php(79): CodeIgniter\CodeIgniter->run()
CRITICAL - 2023-12-13 08:16:55 --> Invalid file: "form_articulos.php"
in SYSTEMPATH\Exceptions\FrameworkException.php on line 39.
 1 SYSTEMPATH\View\View.php(216): CodeIgniter\Exceptions\FrameworkException::forInvalidFile('form_articulos.php')
 2 SYSTEMPATH\Common.php(1190): CodeIgniter\View\View->render('form_articulos', [], true)
 3 APPPATH\Controllers\Articulos.php(9): view('form_articulos')
 4 SYSTEMPATH\CodeIgniter.php(942): App\Controllers\Articulos->alta_articulo()
 5 SYSTEMPATH\CodeIgniter.php(502): CodeIgniter\CodeIgniter->runController(Object(App\Controllers\Articulos))
 6 SYSTEMPATH\CodeIgniter.php(361): CodeIgniter\CodeIgniter->handleRequest(null, Object(Config\Cache), false)
 7 FCPATH\index.php(79): CodeIgniter\CodeIgniter->run()
CRITICAL - 2023-12-13 08:17:39 --> Invalid file: "form_articulos.php"
in SYSTEMPATH\Exceptions\FrameworkException.php on line 39.
 1 SYSTEMPATH\View\View.php(216): CodeIgniter\Exceptions\FrameworkException::forInvalidFile('form_articulos.php')
 2 SYSTEMPATH\Common.php(1190): CodeIgniter\View\View->render('form_articulos', [], true)
 3 APPPATH\Controllers\Articulos.php(9): view('form_articulos')
 4 SYSTEMPATH\CodeIgniter.php(942): App\Controllers\Articulos->alta_articulo()
 5 SYSTEMPATH\CodeIgniter.php(502): CodeIgniter\CodeIgniter->runController(Object(App\Controllers\Articulos))
 6 SYSTEMPATH\CodeIgniter.php(361): CodeIgniter\CodeIgniter->handleRequest(null, Object(Config\Cache), false)
 7 FCPATH\index.php(79): CodeIgniter\CodeIgniter->run()
CRITICAL - 2023-12-13 08:17:40 --> Invalid file: "form_articulos.php"
in SYSTEMPATH\Exceptions\FrameworkException.php on line 39.
 1 SYSTEMPATH\View\View.php(216): CodeIgniter\Exceptions\FrameworkException::forInvalidFile('form_articulos.php')
 2 SYSTEMPATH\Common.php(1190): CodeIgniter\View\View->render('form_articulos', [], true)
 3 APPPATH\Controllers\Articulos.php(9): view('form_articulos')
 4 SYSTEMPATH\CodeIgniter.php(942): App\Controllers\Articulos->alta_articulo()
 5 SYSTEMPATH\CodeIgniter.php(502): CodeIgniter\CodeIgniter->runController(Object(App\Controllers\Articulos))
 6 SYSTEMPATH\CodeIgniter.php(361): CodeIgniter\CodeIgniter->handleRequest(null, Object(Config\Cache), false)
 7 FCPATH\index.php(79): CodeIgniter\CodeIgniter->run()
CRITICAL - 2023-12-13 08:17:40 --> Invalid file: "form_articulos.php"
in SYSTEMPATH\Exceptions\FrameworkException.php on line 39.
 1 SYSTEMPATH\View\View.php(216): CodeIgniter\Exceptions\FrameworkException::forInvalidFile('form_articulos.php')
 2 SYSTEMPATH\Common.php(1190): CodeIgniter\View\View->render('form_articulos', [], true)
 3 APPPATH\Controllers\Articulos.php(9): view('form_articulos')
 4 SYSTEMPATH\CodeIgniter.php(942): App\Controllers\Articulos->alta_articulo()
 5 SYSTEMPATH\CodeIgniter.php(502): CodeIgniter\CodeIgniter->runController(Object(App\Controllers\Articulos))
 6 SYSTEMPATH\CodeIgniter.php(361): CodeIgniter\CodeIgniter->handleRequest(null, Object(Config\Cache), false)
 7 FCPATH\index.php(79): CodeIgniter\CodeIgniter->run()
