INFO - 2024-01-29 07:59:17 --> Session: Class initialized using 'CodeIgniter\Session\Handlers\FileHandler' driver.
INFO - 2024-01-29 07:59:55 --> Session: Class initialized using 'CodeIgniter\Session\Handlers\FileHandler' driver.
INFO - 2024-01-29 08:01:05 --> Session: Class initialized using 'CodeIgniter\Session\Handlers\FileHandler' driver.
INFO - 2024-01-29 08:01:09 --> Session: Class initialized using 'CodeIgniter\Session\Handlers\FileHandler' driver.
INFO - 2024-01-29 08:01:31 --> Session: Class initialized using 'CodeIgniter\Session\Handlers\FileHandler' driver.
INFO - 2024-01-29 08:03:48 --> Session: Class initialized using 'CodeIgniter\Session\Handlers\FileHandler' driver.
INFO - 2024-01-29 08:05:14 --> Session: Class initialized using 'CodeIgniter\Session\Handlers\FileHandler' driver.
INFO - 2024-01-29 08:07:39 --> Session: Class initialized using 'CodeIgniter\Session\Handlers\FileHandler' driver.
INFO - 2024-01-29 08:08:25 --> Session: Class initialized using 'CodeIgniter\Session\Handlers\FileHandler' driver.
INFO - 2024-01-29 08:10:21 --> Session: Class initialized using 'CodeIgniter\Session\Handlers\FileHandler' driver.
INFO - 2024-01-29 08:10:22 --> Session: Class initialized using 'CodeIgniter\Session\Handlers\FileHandler' driver.
INFO - 2024-01-29 08:10:40 --> Session: Class initialized using 'CodeIgniter\Session\Handlers\FileHandler' driver.
INFO - 2024-01-29 08:10:48 --> Session: Class initialized using 'CodeIgniter\Session\Handlers\FileHandler' driver.
INFO - 2024-01-29 08:10:57 --> Session: Class initialized using 'CodeIgniter\Session\Handlers\FileHandler' driver.
INFO - 2024-01-29 08:11:02 --> Session: Class initialized using 'CodeIgniter\Session\Handlers\FileHandler' driver.
INFO - 2024-01-29 08:12:14 --> Session: Class initialized using 'CodeIgniter\Session\Handlers\FileHandler' driver.
INFO - 2024-01-29 08:12:20 --> Session: Class initialized using 'CodeIgniter\Session\Handlers\FileHandler' driver.
INFO - 2024-01-29 08:14:25 --> Session: Class initialized using 'CodeIgniter\Session\Handlers\FileHandler' driver.
INFO - 2024-01-29 08:14:38 --> Session: Class initialized using 'CodeIgniter\Session\Handlers\FileHandler' driver.
INFO - 2024-01-29 08:14:51 --> Session: Class initialized using 'CodeIgniter\Session\Handlers\FileHandler' driver.
CRITICAL - 2024-01-29 08:21:25 --> Invalid file: "templates/menu-lateral.php"
in SYSTEMPATH\Exceptions\FrameworkException.php on line 39.
 1 SYSTEMPATH\View\View.php(216): CodeIgniter\Exceptions\FrameworkException::forInvalidFile('templates/menu-lateral.php')
 2 SYSTEMPATH\Common.php(1190): CodeIgniter\View\View->render('templates/menu-lateral', [], true)
 3 APPPATH\Controllers\Articulos.php(12): view('templates/menu-lateral')
 4 SYSTEMPATH\CodeIgniter.php(942): App\Controllers\Articulos->mostrar_articulo()
 5 SYSTEMPATH\CodeIgniter.php(502): CodeIgniter\CodeIgniter->runController(Object(App\Controllers\Articulos))
 6 SYSTEMPATH\CodeIgniter.php(361): CodeIgniter\CodeIgniter->handleRequest(null, Object(Config\Cache), false)
 7 FCPATH\index.php(79): CodeIgniter\CodeIgniter->run()
CRITICAL - 2024-01-29 08:21:35 --> Undefined variable $seleccionado
in APPPATH\Views\templates\menu_lateral.php on line 24.
 1 APPPATH\Views\templates\menu_lateral.php(24): CodeIgniter\Debug\Exceptions->errorHandler(2, 'Undefined variable $seleccionado', 'C:\\xampp\\htdocs\\DWES\\wallapop\\app\\Views\\templates\\menu_lateral.php', 24)
 2 SYSTEMPATH\View\View.php(228): include('C:\\xampp\\htdocs\\DWES\\wallapop\\app\\Views\\templates\\menu_lateral.php')
 3 SYSTEMPATH\View\View.php(231): CodeIgniter\View\View->CodeIgniter\View\{closure}()
 4 SYSTEMPATH\Common.php(1190): CodeIgniter\View\View->render('templates/menu_lateral', [], true)
 5 APPPATH\Controllers\Articulos.php(12): view('templates/menu_lateral')
 6 SYSTEMPATH\CodeIgniter.php(942): App\Controllers\Articulos->mostrar_articulo()
 7 SYSTEMPATH\CodeIgniter.php(502): CodeIgniter\CodeIgniter->runController(Object(App\Controllers\Articulos))
 8 SYSTEMPATH\CodeIgniter.php(361): CodeIgniter\CodeIgniter->handleRequest(null, Object(Config\Cache), false)
 9 FCPATH\index.php(79): CodeIgniter\CodeIgniter->run()
CRITICAL - 2024-01-29 08:21:49 --> Undefined variable $seleccionado
in APPPATH\Views\templates\menu_lateral.php on line 24.
 1 APPPATH\Views\templates\menu_lateral.php(24): CodeIgniter\Debug\Exceptions->errorHandler(2, 'Undefined variable $seleccionado', 'C:\\xampp\\htdocs\\DWES\\wallapop\\app\\Views\\templates\\menu_lateral.php', 24)
 2 SYSTEMPATH\View\View.php(228): include('C:\\xampp\\htdocs\\DWES\\wallapop\\app\\Views\\templates\\menu_lateral.php')
 3 SYSTEMPATH\View\View.php(231): CodeIgniter\View\View->CodeIgniter\View\{closure}()
 4 SYSTEMPATH\Common.php(1190): CodeIgniter\View\View->render('templates/menu_lateral.php', [], true)
 5 APPPATH\Controllers\Articulos.php(12): view('templates/menu_lateral.php')
 6 SYSTEMPATH\CodeIgniter.php(942): App\Controllers\Articulos->mostrar_articulo()
 7 SYSTEMPATH\CodeIgniter.php(502): CodeIgniter\CodeIgniter->runController(Object(App\Controllers\Articulos))
 8 SYSTEMPATH\CodeIgniter.php(361): CodeIgniter\CodeIgniter->handleRequest(null, Object(Config\Cache), false)
 9 FCPATH\index.php(79): CodeIgniter\CodeIgniter->run()
CRITICAL - 2024-01-29 08:23:15 --> Undefined variable $seleccionado
in APPPATH\Views\templates\menu_lateral.php on line 22.
 1 APPPATH\Views\templates\menu_lateral.php(22): CodeIgniter\Debug\Exceptions->errorHandler(2, 'Undefined variable $seleccionado', 'C:\\xampp\\htdocs\\DWES\\wallapop\\app\\Views\\templates\\menu_lateral.php', 22)
 2 SYSTEMPATH\View\View.php(228): include('C:\\xampp\\htdocs\\DWES\\wallapop\\app\\Views\\templates\\menu_lateral.php')
 3 SYSTEMPATH\View\View.php(231): CodeIgniter\View\View->CodeIgniter\View\{closure}()
 4 SYSTEMPATH\Common.php(1190): CodeIgniter\View\View->render('templates/menu_lateral.php', [], true)
 5 APPPATH\Controllers\Articulos.php(12): view('templates/menu_lateral.php')
 6 SYSTEMPATH\CodeIgniter.php(942): App\Controllers\Articulos->mostrar_articulo()
 7 SYSTEMPATH\CodeIgniter.php(502): CodeIgniter\CodeIgniter->runController(Object(App\Controllers\Articulos))
 8 SYSTEMPATH\CodeIgniter.php(361): CodeIgniter\CodeIgniter->handleRequest(null, Object(Config\Cache), false)
 9 FCPATH\index.php(79): CodeIgniter\CodeIgniter->run()
CRITICAL - 2024-01-29 08:24:07 --> Undefined variable $seleccionado
in APPPATH\Views\templates\menu_lateral.php on line 22.
 1 APPPATH\Views\templates\menu_lateral.php(22): CodeIgniter\Debug\Exceptions->errorHandler(2, 'Undefined variable $seleccionado', 'C:\\xampp\\htdocs\\DWES\\wallapop\\app\\Views\\templates\\menu_lateral.php', 22)
 2 SYSTEMPATH\View\View.php(228): include('C:\\xampp\\htdocs\\DWES\\wallapop\\app\\Views\\templates\\menu_lateral.php')
 3 SYSTEMPATH\View\View.php(231): CodeIgniter\View\View->CodeIgniter\View\{closure}()
 4 SYSTEMPATH\Common.php(1190): CodeIgniter\View\View->render('templates/menu_lateral.php', [], true)
 5 APPPATH\Controllers\Articulos.php(12): view('templates/menu_lateral.php')
 6 SYSTEMPATH\CodeIgniter.php(942): App\Controllers\Articulos->mostrar_articulo()
 7 SYSTEMPATH\CodeIgniter.php(502): CodeIgniter\CodeIgniter->runController(Object(App\Controllers\Articulos))
 8 SYSTEMPATH\CodeIgniter.php(361): CodeIgniter\CodeIgniter->handleRequest(null, Object(Config\Cache), false)
 9 FCPATH\index.php(79): CodeIgniter\CodeIgniter->run()
CRITICAL - 2024-01-29 08:24:26 --> Undefined variable $seleccionado
in APPPATH\Views\templates\menu_lateral.php on line 22.
 1 APPPATH\Views\templates\menu_lateral.php(22): CodeIgniter\Debug\Exceptions->errorHandler(2, 'Undefined variable $seleccionado', 'C:\\xampp\\htdocs\\DWES\\wallapop\\app\\Views\\templates\\menu_lateral.php', 22)
 2 SYSTEMPATH\View\View.php(228): include('C:\\xampp\\htdocs\\DWES\\wallapop\\app\\Views\\templates\\menu_lateral.php')
 3 SYSTEMPATH\View\View.php(231): CodeIgniter\View\View->CodeIgniter\View\{closure}()
 4 SYSTEMPATH\Common.php(1190): CodeIgniter\View\View->render('templates/menu_lateral.php', [], true)
 5 APPPATH\Controllers\Articulos.php(12): view('templates/menu_lateral.php')
 6 SYSTEMPATH\CodeIgniter.php(942): App\Controllers\Articulos->mostrar_articulo()
 7 SYSTEMPATH\CodeIgniter.php(502): CodeIgniter\CodeIgniter->runController(Object(App\Controllers\Articulos))
 8 SYSTEMPATH\CodeIgniter.php(361): CodeIgniter\CodeIgniter->handleRequest(null, Object(Config\Cache), false)
 9 FCPATH\index.php(79): CodeIgniter\CodeIgniter->run()
CRITICAL - 2024-01-29 08:24:50 --> Undefined variable $seleccionado
in APPPATH\Views\templates\menu_lateral.php on line 22.
 1 APPPATH\Views\templates\menu_lateral.php(22): CodeIgniter\Debug\Exceptions->errorHandler(2, 'Undefined variable $seleccionado', 'C:\\xampp\\htdocs\\DWES\\wallapop\\app\\Views\\templates\\menu_lateral.php', 22)
 2 SYSTEMPATH\View\View.php(228): include('C:\\xampp\\htdocs\\DWES\\wallapop\\app\\Views\\templates\\menu_lateral.php')
 3 SYSTEMPATH\View\View.php(231): CodeIgniter\View\View->CodeIgniter\View\{closure}()
 4 SYSTEMPATH\Common.php(1190): CodeIgniter\View\View->render('templates/menu_lateral.php', [], true)
 5 APPPATH\Controllers\Articulos.php(12): view('templates/menu_lateral.php')
 6 SYSTEMPATH\CodeIgniter.php(942): App\Controllers\Articulos->mostrar_articulo()
 7 SYSTEMPATH\CodeIgniter.php(502): CodeIgniter\CodeIgniter->runController(Object(App\Controllers\Articulos))
 8 SYSTEMPATH\CodeIgniter.php(361): CodeIgniter\CodeIgniter->handleRequest(null, Object(Config\Cache), false)
 9 FCPATH\index.php(79): CodeIgniter\CodeIgniter->run()
CRITICAL - 2024-01-29 08:27:17 --> Undefined variable $seleccionado
in APPPATH\Views\templates\menu_lateral.php on line 22.
 1 APPPATH\Views\templates\menu_lateral.php(22): CodeIgniter\Debug\Exceptions->errorHandler(2, 'Undefined variable $seleccionado', 'C:\\xampp\\htdocs\\DWES\\wallapop\\app\\Views\\templates\\menu_lateral.php', 22)
 2 SYSTEMPATH\View\View.php(228): include('C:\\xampp\\htdocs\\DWES\\wallapop\\app\\Views\\templates\\menu_lateral.php')
 3 SYSTEMPATH\View\View.php(231): CodeIgniter\View\View->CodeIgniter\View\{closure}()
 4 SYSTEMPATH\Common.php(1190): CodeIgniter\View\View->render('templates/menu_lateral.php', [], true)
 5 APPPATH\Controllers\Articulos.php(12): view('templates/menu_lateral.php')
 6 SYSTEMPATH\CodeIgniter.php(942): App\Controllers\Articulos->mostrar_articulo()
 7 SYSTEMPATH\CodeIgniter.php(502): CodeIgniter\CodeIgniter->runController(Object(App\Controllers\Articulos))
 8 SYSTEMPATH\CodeIgniter.php(361): CodeIgniter\CodeIgniter->handleRequest(null, Object(Config\Cache), false)
 9 FCPATH\index.php(79): CodeIgniter\CodeIgniter->run()
CRITICAL - 2024-01-29 08:27:36 --> Undefined variable $seleccionado
in APPPATH\Views\templates\menu_lateral.php on line 22.
 1 APPPATH\Views\templates\menu_lateral.php(22): CodeIgniter\Debug\Exceptions->errorHandler(2, 'Undefined variable $seleccionado', 'C:\\xampp\\htdocs\\DWES\\wallapop\\app\\Views\\templates\\menu_lateral.php', 22)
 2 SYSTEMPATH\View\View.php(228): include('C:\\xampp\\htdocs\\DWES\\wallapop\\app\\Views\\templates\\menu_lateral.php')
 3 SYSTEMPATH\View\View.php(231): CodeIgniter\View\View->CodeIgniter\View\{closure}()
 4 SYSTEMPATH\Common.php(1190): CodeIgniter\View\View->render('templates/menu_lateral.php', [], true)
 5 APPPATH\Controllers\Articulos.php(12): view('templates/menu_lateral.php')
 6 SYSTEMPATH\CodeIgniter.php(942): App\Controllers\Articulos->mostrar_articulo()
 7 SYSTEMPATH\CodeIgniter.php(502): CodeIgniter\CodeIgniter->runController(Object(App\Controllers\Articulos))
 8 SYSTEMPATH\CodeIgniter.php(361): CodeIgniter\CodeIgniter->handleRequest(null, Object(Config\Cache), false)
 9 FCPATH\index.php(79): CodeIgniter\CodeIgniter->run()
CRITICAL - 2024-01-29 08:29:13 --> Undefined variable $seleccionado
in APPPATH\Views\templates\menu_lateral.php on line 22.
 1 APPPATH\Views\templates\menu_lateral.php(22): CodeIgniter\Debug\Exceptions->errorHandler(2, 'Undefined variable $seleccionado', 'C:\\xampp\\htdocs\\DWES\\wallapop\\app\\Views\\templates\\menu_lateral.php', 22)
 2 SYSTEMPATH\View\View.php(228): include('C:\\xampp\\htdocs\\DWES\\wallapop\\app\\Views\\templates\\menu_lateral.php')
 3 SYSTEMPATH\View\View.php(231): CodeIgniter\View\View->CodeIgniter\View\{closure}()
 4 SYSTEMPATH\Common.php(1190): CodeIgniter\View\View->render('templates/menu_lateral.php', [], true)
 5 APPPATH\Controllers\Articulos.php(12): view('templates/menu_lateral.php')
 6 SYSTEMPATH\CodeIgniter.php(942): App\Controllers\Articulos->mostrar_articulo()
 7 SYSTEMPATH\CodeIgniter.php(502): CodeIgniter\CodeIgniter->runController(Object(App\Controllers\Articulos))
 8 SYSTEMPATH\CodeIgniter.php(361): CodeIgniter\CodeIgniter->handleRequest(null, Object(Config\Cache), false)
 9 FCPATH\index.php(79): CodeIgniter\CodeIgniter->run()
CRITICAL - 2024-01-29 08:29:50 --> Undefined variable $seleccionado
in APPPATH\Views\templates\menu_lateral.php on line 22.
 1 APPPATH\Views\templates\menu_lateral.php(22): CodeIgniter\Debug\Exceptions->errorHandler(2, 'Undefined variable $seleccionado', 'C:\\xampp\\htdocs\\DWES\\wallapop\\app\\Views\\templates\\menu_lateral.php', 22)
 2 SYSTEMPATH\View\View.php(228): include('C:\\xampp\\htdocs\\DWES\\wallapop\\app\\Views\\templates\\menu_lateral.php')
 3 SYSTEMPATH\View\View.php(231): CodeIgniter\View\View->CodeIgniter\View\{closure}()
 4 SYSTEMPATH\Common.php(1190): CodeIgniter\View\View->render('templates/menu_lateral.php', [], true)
 5 APPPATH\Controllers\Articulos.php(12): view('templates/menu_lateral.php')
 6 SYSTEMPATH\CodeIgniter.php(942): App\Controllers\Articulos->mostrar_articulo()
 7 SYSTEMPATH\CodeIgniter.php(502): CodeIgniter\CodeIgniter->runController(Object(App\Controllers\Articulos))
 8 SYSTEMPATH\CodeIgniter.php(361): CodeIgniter\CodeIgniter->handleRequest(null, Object(Config\Cache), false)
 9 FCPATH\index.php(79): CodeIgniter\CodeIgniter->run()
CRITICAL - 2024-01-29 08:33:02 --> Undefined variable $seleccionado
in APPPATH\Views\templates\menu_lateral.php on line 22.
 1 APPPATH\Views\templates\menu_lateral.php(22): CodeIgniter\Debug\Exceptions->errorHandler(2, 'Undefined variable $seleccionado', 'C:\\xampp\\htdocs\\DWES\\wallapop\\app\\Views\\templates\\menu_lateral.php', 22)
 2 SYSTEMPATH\View\View.php(228): include('C:\\xampp\\htdocs\\DWES\\wallapop\\app\\Views\\templates\\menu_lateral.php')
 3 SYSTEMPATH\View\View.php(231): CodeIgniter\View\View->CodeIgniter\View\{closure}()
 4 SYSTEMPATH\Common.php(1190): CodeIgniter\View\View->render('templates/menu_lateral.php', [], true)
 5 APPPATH\Controllers\Articulos.php(12): view('templates/menu_lateral.php')
 6 SYSTEMPATH\CodeIgniter.php(942): App\Controllers\Articulos->mostrar_articulo()
 7 SYSTEMPATH\CodeIgniter.php(502): CodeIgniter\CodeIgniter->runController(Object(App\Controllers\Articulos))
 8 SYSTEMPATH\CodeIgniter.php(361): CodeIgniter\CodeIgniter->handleRequest(null, Object(Config\Cache), false)
 9 FCPATH\index.php(79): CodeIgniter\CodeIgniter->run()
CRITICAL - 2024-01-29 08:34:11 --> Undefined variable $seleccionado
in APPPATH\Views\templates\menu_lateral.php on line 22.
 1 APPPATH\Views\templates\menu_lateral.php(22): CodeIgniter\Debug\Exceptions->errorHandler(2, 'Undefined variable $seleccionado', 'C:\\xampp\\htdocs\\DWES\\wallapop\\app\\Views\\templates\\menu_lateral.php', 22)
 2 SYSTEMPATH\View\View.php(228): include('C:\\xampp\\htdocs\\DWES\\wallapop\\app\\Views\\templates\\menu_lateral.php')
 3 SYSTEMPATH\View\View.php(231): CodeIgniter\View\View->CodeIgniter\View\{closure}()
 4 SYSTEMPATH\Common.php(1190): CodeIgniter\View\View->render('templates/menu_lateral', [], true)
 5 APPPATH\Controllers\Articulos.php(12): view('templates/menu_lateral')
 6 SYSTEMPATH\CodeIgniter.php(942): App\Controllers\Articulos->mostrar_articulo()
 7 SYSTEMPATH\CodeIgniter.php(502): CodeIgniter\CodeIgniter->runController(Object(App\Controllers\Articulos))
 8 SYSTEMPATH\CodeIgniter.php(361): CodeIgniter\CodeIgniter->handleRequest(null, Object(Config\Cache), false)
 9 FCPATH\index.php(79): CodeIgniter\CodeIgniter->run()
CRITICAL - 2024-01-29 08:34:53 --> Undefined variable $seleccionado
in APPPATH\Views\templates\menu_lateral.php on line 22.
 1 APPPATH\Views\templates\menu_lateral.php(22): CodeIgniter\Debug\Exceptions->errorHandler(2, 'Undefined variable $seleccionado', 'C:\\xampp\\htdocs\\DWES\\wallapop\\app\\Views\\templates\\menu_lateral.php', 22)
 2 SYSTEMPATH\View\View.php(228): include('C:\\xampp\\htdocs\\DWES\\wallapop\\app\\Views\\templates\\menu_lateral.php')
 3 SYSTEMPATH\View\View.php(231): CodeIgniter\View\View->CodeIgniter\View\{closure}()
 4 SYSTEMPATH\Common.php(1190): CodeIgniter\View\View->render('templates/menu_lateral', [], true)
 5 APPPATH\Controllers\Articulos.php(12): view('templates/menu_lateral')
 6 SYSTEMPATH\CodeIgniter.php(942): App\Controllers\Articulos->mostrar_articulo()
 7 SYSTEMPATH\CodeIgniter.php(502): CodeIgniter\CodeIgniter->runController(Object(App\Controllers\Articulos))
 8 SYSTEMPATH\CodeIgniter.php(361): CodeIgniter\CodeIgniter->handleRequest(null, Object(Config\Cache), false)
 9 FCPATH\index.php(79): CodeIgniter\CodeIgniter->run()
CRITICAL - 2024-01-29 08:35:28 --> Undefined variable $seleccionado
in APPPATH\Views\templates\menu_lateral.php on line 22.
 1 APPPATH\Views\templates\menu_lateral.php(22): CodeIgniter\Debug\Exceptions->errorHandler(2, 'Undefined variable $seleccionado', 'C:\\xampp\\htdocs\\DWES\\wallapop\\app\\Views\\templates\\menu_lateral.php', 22)
 2 SYSTEMPATH\View\View.php(228): include('C:\\xampp\\htdocs\\DWES\\wallapop\\app\\Views\\templates\\menu_lateral.php')
 3 SYSTEMPATH\View\View.php(231): CodeIgniter\View\View->CodeIgniter\View\{closure}()
 4 SYSTEMPATH\Common.php(1190): CodeIgniter\View\View->render('templates/menu_lateral', [], true)
 5 APPPATH\Controllers\Articulos.php(12): view('templates/menu_lateral')
 6 SYSTEMPATH\CodeIgniter.php(942): App\Controllers\Articulos->mostrar_articulo()
 7 SYSTEMPATH\CodeIgniter.php(502): CodeIgniter\CodeIgniter->runController(Object(App\Controllers\Articulos))
 8 SYSTEMPATH\CodeIgniter.php(361): CodeIgniter\CodeIgniter->handleRequest(null, Object(Config\Cache), false)
 9 FCPATH\index.php(79): CodeIgniter\CodeIgniter->run()
CRITICAL - 2024-01-29 08:36:08 --> Undefined variable $seleccionado
in APPPATH\Views\templates\menu_lateral.php on line 22.
 1 APPPATH\Views\templates\menu_lateral.php(22): CodeIgniter\Debug\Exceptions->errorHandler(2, 'Undefined variable $seleccionado', 'C:\\xampp\\htdocs\\DWES\\wallapop\\app\\Views\\templates\\menu_lateral.php', 22)
 2 SYSTEMPATH\View\View.php(228): include('C:\\xampp\\htdocs\\DWES\\wallapop\\app\\Views\\templates\\menu_lateral.php')
 3 SYSTEMPATH\View\View.php(231): CodeIgniter\View\View->CodeIgniter\View\{closure}()
 4 SYSTEMPATH\Common.php(1190): CodeIgniter\View\View->render('templates/menu_lateral', [], true)
 5 APPPATH\Controllers\Articulos.php(13): view('templates/menu_lateral')
 6 SYSTEMPATH\CodeIgniter.php(942): App\Controllers\Articulos->mostrar_articulo()
 7 SYSTEMPATH\CodeIgniter.php(502): CodeIgniter\CodeIgniter->runController(Object(App\Controllers\Articulos))
 8 SYSTEMPATH\CodeIgniter.php(361): CodeIgniter\CodeIgniter->handleRequest(null, Object(Config\Cache), false)
 9 FCPATH\index.php(79): CodeIgniter\CodeIgniter->run()
CRITICAL - 2024-01-29 08:38:07 --> Undefined variable $seleccionado
in APPPATH\Views\templates\menu_lateral.php on line 22.
 1 APPPATH\Views\templates\menu_lateral.php(22): CodeIgniter\Debug\Exceptions->errorHandler(2, 'Undefined variable $seleccionado', 'C:\\xampp\\htdocs\\DWES\\wallapop\\app\\Views\\templates\\menu_lateral.php', 22)
 2 SYSTEMPATH\View\View.php(228): include('C:\\xampp\\htdocs\\DWES\\wallapop\\app\\Views\\templates\\menu_lateral.php')
 3 SYSTEMPATH\View\View.php(231): CodeIgniter\View\View->CodeIgniter\View\{closure}()
 4 SYSTEMPATH\Common.php(1190): CodeIgniter\View\View->render('templates/menu_lateral', [], true)
 5 APPPATH\Controllers\Articulos.php(13): view('templates/menu_lateral')
 6 SYSTEMPATH\CodeIgniter.php(942): App\Controllers\Articulos->mostrar_articulo()
 7 SYSTEMPATH\CodeIgniter.php(502): CodeIgniter\CodeIgniter->runController(Object(App\Controllers\Articulos))
 8 SYSTEMPATH\CodeIgniter.php(361): CodeIgniter\CodeIgniter->handleRequest(null, Object(Config\Cache), false)
 9 FCPATH\index.php(79): CodeIgniter\CodeIgniter->run()
CRITICAL - 2024-01-29 08:39:45 --> Undefined variable $clasePer
in APPPATH\Views\templates\menu_lateral.php on line 30.
 1 APPPATH\Views\templates\menu_lateral.php(30): CodeIgniter\Debug\Exceptions->errorHandler(2, 'Undefined variable $clasePer', 'C:\\xampp\\htdocs\\DWES\\wallapop\\app\\Views\\templates\\menu_lateral.php', 30)
 2 SYSTEMPATH\View\View.php(228): include('C:\\xampp\\htdocs\\DWES\\wallapop\\app\\Views\\templates\\menu_lateral.php')
 3 SYSTEMPATH\View\View.php(231): CodeIgniter\View\View->CodeIgniter\View\{closure}()
 4 SYSTEMPATH\Common.php(1190): CodeIgniter\View\View->render('templates/menu_lateral', [], true)
 5 APPPATH\Controllers\Articulos.php(13): view('templates/menu_lateral', [...])
 6 SYSTEMPATH\CodeIgniter.php(942): App\Controllers\Articulos->mostrar_articulo()
 7 SYSTEMPATH\CodeIgniter.php(502): CodeIgniter\CodeIgniter->runController(Object(App\Controllers\Articulos))
 8 SYSTEMPATH\CodeIgniter.php(361): CodeIgniter\CodeIgniter->handleRequest(null, Object(Config\Cache), false)
 9 FCPATH\index.php(79): CodeIgniter\CodeIgniter->run()
INFO - 2024-01-29 08:41:22 --> Session: Class initialized using 'CodeIgniter\Session\Handlers\FileHandler' driver.
INFO - 2024-01-29 08:43:44 --> Session: Class initialized using 'CodeIgniter\Session\Handlers\FileHandler' driver.
INFO - 2024-01-29 08:44:32 --> Session: Class initialized using 'CodeIgniter\Session\Handlers\FileHandler' driver.
INFO - 2024-01-29 08:44:41 --> Session: Class initialized using 'CodeIgniter\Session\Handlers\FileHandler' driver.
CRITICAL - 2024-01-29 08:59:21 --> syntax error, unexpected identifier "view", expecting ";"
in APPPATH\Controllers\Articulos.php on line 15.
 1 SYSTEMPATH\Router\Router.php(514): CodeIgniter\Router\AutoRouter->getRoute('Articulos/mostrar_articulo', 'post')
 2 SYSTEMPATH\Router\Router.php(210): CodeIgniter\Router\Router->autoRoute('Articulos/mostrar_articulo')
 3 SYSTEMPATH\CodeIgniter.php(823): CodeIgniter\Router\Router->handle('Articulos/mostrar_articulo')
 4 SYSTEMPATH\CodeIgniter.php(450): CodeIgniter\CodeIgniter->tryToRouteIt(Object(CodeIgniter\Router\RouteCollection))
 5 SYSTEMPATH\CodeIgniter.php(361): CodeIgniter\CodeIgniter->handleRequest(null, Object(Config\Cache), false)
 6 FCPATH\index.php(79): CodeIgniter\CodeIgniter->run()
CRITICAL - 2024-01-29 08:59:28 --> Undefined variable $seleccionado
in APPPATH\Views\templates\menu_lateral.php on line 22.
 1 APPPATH\Views\templates\menu_lateral.php(22): CodeIgniter\Debug\Exceptions->errorHandler(2, 'Undefined variable $seleccionado', 'C:\\xampp\\htdocs\\DWES\\wallapop\\app\\Views\\templates\\menu_lateral.php', 22)
 2 SYSTEMPATH\View\View.php(228): include('C:\\xampp\\htdocs\\DWES\\wallapop\\app\\Views\\templates\\menu_lateral.php')
 3 SYSTEMPATH\View\View.php(231): CodeIgniter\View\View->CodeIgniter\View\{closure}()
 4 SYSTEMPATH\Common.php(1190): CodeIgniter\View\View->render('templates/menu_lateral', [], true)
 5 APPPATH\Controllers\Articulos.php(14): view('templates/menu_lateral')
 6 SYSTEMPATH\CodeIgniter.php(942): App\Controllers\Articulos->mostrar_articulo()
 7 SYSTEMPATH\CodeIgniter.php(502): CodeIgniter\CodeIgniter->runController(Object(App\Controllers\Articulos))
 8 SYSTEMPATH\CodeIgniter.php(361): CodeIgniter\CodeIgniter->handleRequest(null, Object(Config\Cache), false)
 9 FCPATH\index.php(79): CodeIgniter\CodeIgniter->run()
INFO - 2024-01-29 09:00:11 --> Session: Class initialized using 'CodeIgniter\Session\Handlers\FileHandler' driver.
INFO - 2024-01-29 09:00:56 --> Session: Class initialized using 'CodeIgniter\Session\Handlers\FileHandler' driver.
INFO - 2024-01-29 09:02:01 --> Session: Class initialized using 'CodeIgniter\Session\Handlers\FileHandler' driver.
CRITICAL - 2024-01-29 09:02:06 --> Call to undefined method App\Models\ArticulosModel::getArticulos
in SYSTEMPATH\Model.php on line 873.
 1 APPPATH\Controllers\Articulos.php(58): CodeIgniter\Model->__call('getArticulos', [])
 2 SYSTEMPATH\CodeIgniter.php(942): App\Controllers\Articulos->crear()
 3 SYSTEMPATH\CodeIgniter.php(502): CodeIgniter\CodeIgniter->runController(Object(App\Controllers\Articulos))
 4 SYSTEMPATH\CodeIgniter.php(361): CodeIgniter\CodeIgniter->handleRequest(null, Object(Config\Cache), false)
 5 FCPATH\index.php(79): CodeIgniter\CodeIgniter->run()
CRITICAL - 2024-01-29 09:03:47 --> Call to undefined method App\Models\ArticulosModel::getArticulos
in SYSTEMPATH\Model.php on line 873.
 1 APPPATH\Controllers\Articulos.php(58): CodeIgniter\Model->__call('getArticulos', [])
 2 SYSTEMPATH\CodeIgniter.php(942): App\Controllers\Articulos->crear()
 3 SYSTEMPATH\CodeIgniter.php(502): CodeIgniter\CodeIgniter->runController(Object(App\Controllers\Articulos))
 4 SYSTEMPATH\CodeIgniter.php(361): CodeIgniter\CodeIgniter->handleRequest(null, Object(Config\Cache), false)
 5 FCPATH\index.php(79): CodeIgniter\CodeIgniter->run()
CRITICAL - 2024-01-29 09:13:48 --> Too few arguments to function App\Controllers\Articulos::mostrarTodo(), 0 passed in C:\xampp\htdocs\DWES\wallapop\system\CodeIgniter.php on line 942 and exactly 1 expected
in APPPATH\Controllers\Articulos.php on line 48.
 1 SYSTEMPATH\CodeIgniter.php(942): App\Controllers\Articulos->mostrarTodo()
 2 SYSTEMPATH\CodeIgniter.php(502): CodeIgniter\CodeIgniter->runController(Object(App\Controllers\Articulos))
 3 SYSTEMPATH\CodeIgniter.php(361): CodeIgniter\CodeIgniter->handleRequest(null, Object(Config\Cache), false)
 4 FCPATH\index.php(79): CodeIgniter\CodeIgniter->run()
CRITICAL - 2024-01-29 09:14:32 --> Invalid file: "articulo.php"
in SYSTEMPATH\Exceptions\FrameworkException.php on line 39.
 1 SYSTEMPATH\View\View.php(216): CodeIgniter\Exceptions\FrameworkException::forInvalidFile('articulo.php')
 2 SYSTEMPATH\Common.php(1190): CodeIgniter\View\View->render('articulo', [], true)
 3 APPPATH\Controllers\Articulos.php(53): view('articulo')
 4 SYSTEMPATH\CodeIgniter.php(942): App\Controllers\Articulos->mostrarTodo()
 5 SYSTEMPATH\CodeIgniter.php(502): CodeIgniter\CodeIgniter->runController(Object(App\Controllers\Articulos))
 6 SYSTEMPATH\CodeIgniter.php(361): CodeIgniter\CodeIgniter->handleRequest(null, Object(Config\Cache), false)
 7 FCPATH\index.php(79): CodeIgniter\CodeIgniter->run()
CRITICAL - 2024-01-29 09:15:11 --> Invalid file: "articulo.php"
in SYSTEMPATH\Exceptions\FrameworkException.php on line 39.
 1 SYSTEMPATH\View\View.php(216): CodeIgniter\Exceptions\FrameworkException::forInvalidFile('articulo.php')
 2 SYSTEMPATH\Common.php(1190): CodeIgniter\View\View->render('articulo', [], true)
 3 APPPATH\Controllers\Articulos.php(53): view('articulo')
 4 SYSTEMPATH\CodeIgniter.php(942): App\Controllers\Articulos->mostrarTodo()
 5 SYSTEMPATH\CodeIgniter.php(502): CodeIgniter\CodeIgniter->runController(Object(App\Controllers\Articulos))
 6 SYSTEMPATH\CodeIgniter.php(361): CodeIgniter\CodeIgniter->handleRequest(null, Object(Config\Cache), false)
 7 FCPATH\index.php(79): CodeIgniter\CodeIgniter->run()
CRITICAL - 2024-01-29 09:15:34 --> Invalid file: "articulo.php"
in SYSTEMPATH\Exceptions\FrameworkException.php on line 39.
 1 SYSTEMPATH\View\View.php(216): CodeIgniter\Exceptions\FrameworkException::forInvalidFile('articulo.php')
 2 SYSTEMPATH\Common.php(1190): CodeIgniter\View\View->render('articulo', [], true)
 3 APPPATH\Controllers\Articulos.php(54): view('articulo')
 4 SYSTEMPATH\CodeIgniter.php(942): App\Controllers\Articulos->mostrarTodo()
 5 SYSTEMPATH\CodeIgniter.php(502): CodeIgniter\CodeIgniter->runController(Object(App\Controllers\Articulos))
 6 SYSTEMPATH\CodeIgniter.php(361): CodeIgniter\CodeIgniter->handleRequest(null, Object(Config\Cache), false)
 7 FCPATH\index.php(79): CodeIgniter\CodeIgniter->run()
CRITICAL - 2024-01-29 09:15:59 --> Invalid file: "articulos.php"
in SYSTEMPATH\Exceptions\FrameworkException.php on line 39.
 1 SYSTEMPATH\View\View.php(216): CodeIgniter\Exceptions\FrameworkException::forInvalidFile('articulos.php')
 2 SYSTEMPATH\Common.php(1190): CodeIgniter\View\View->render('articulos', [], true)
 3 APPPATH\Controllers\Articulos.php(54): view('articulos')
 4 SYSTEMPATH\CodeIgniter.php(942): App\Controllers\Articulos->mostrarTodo()
 5 SYSTEMPATH\CodeIgniter.php(502): CodeIgniter\CodeIgniter->runController(Object(App\Controllers\Articulos))
 6 SYSTEMPATH\CodeIgniter.php(361): CodeIgniter\CodeIgniter->handleRequest(null, Object(Config\Cache), false)
 7 FCPATH\index.php(79): CodeIgniter\CodeIgniter->run()
CRITICAL - 2024-01-29 09:16:15 --> Undefined array key "imagen1"
in APPPATH\Views\listaArticulos.php on line 22.
 1 APPPATH\Views\listaArticulos.php(22): CodeIgniter\Debug\Exceptions->errorHandler(2, 'Undefined array key "imagen1"', 'C:\\xampp\\htdocs\\DWES\\wallapop\\app\\Views\\listaArticulos.php', 22)
 2 SYSTEMPATH\View\View.php(228): include('C:\\xampp\\htdocs\\DWES\\wallapop\\app\\Views\\listaArticulos.php')
 3 SYSTEMPATH\View\View.php(231): CodeIgniter\View\View->CodeIgniter\View\{closure}()
 4 SYSTEMPATH\Common.php(1190): CodeIgniter\View\View->render('listaArticulos', [], true)
 5 APPPATH\Controllers\Articulos.php(54): view('listaArticulos')
 6 SYSTEMPATH\CodeIgniter.php(942): App\Controllers\Articulos->mostrarTodo()
 7 SYSTEMPATH\CodeIgniter.php(502): CodeIgniter\CodeIgniter->runController(Object(App\Controllers\Articulos))
 8 SYSTEMPATH\CodeIgniter.php(361): CodeIgniter\CodeIgniter->handleRequest(null, Object(Config\Cache), false)
 9 FCPATH\index.php(79): CodeIgniter\CodeIgniter->run()
CRITICAL - 2024-01-29 11:44:22 --> Call to a member function getRandomName() on null
in APPPATH\Controllers\Articulos.php on line 32.
 1 SYSTEMPATH\CodeIgniter.php(942): App\Controllers\Articulos->guardar()
 2 SYSTEMPATH\CodeIgniter.php(502): CodeIgniter\CodeIgniter->runController(Object(App\Controllers\Articulos))
 3 SYSTEMPATH\CodeIgniter.php(361): CodeIgniter\CodeIgniter->handleRequest(null, Object(Config\Cache), false)
 4 FCPATH\index.php(79): CodeIgniter\CodeIgniter->run()
CRITICAL - 2024-01-29 11:46:10 --> Call to a member function move() on null
in APPPATH\Controllers\Articulos.php on line 38.
 1 SYSTEMPATH\CodeIgniter.php(942): App\Controllers\Articulos->guardar()
 2 SYSTEMPATH\CodeIgniter.php(502): CodeIgniter\CodeIgniter->runController(Object(App\Controllers\Articulos))
 3 SYSTEMPATH\CodeIgniter.php(361): CodeIgniter\CodeIgniter->handleRequest(null, Object(Config\Cache), false)
 4 FCPATH\index.php(79): CodeIgniter\CodeIgniter->run()
ERROR - 2024-01-29 11:46:23 --> mysqli_sql_exception: Column 'nombre' cannot be null in C:\xampp\htdocs\DWES\wallapop\system\Database\MySQLi\Connection.php:306
Stack trace:
#0 C:\xampp\htdocs\DWES\wallapop\system\Database\MySQLi\Connection.php(306): mysqli->query('INSERT INTO `ar...', 0)
#1 C:\xampp\htdocs\DWES\wallapop\system\Database\BaseConnection.php(693): CodeIgniter\Database\MySQLi\Connection->execute('INSERT INTO `ar...')
#2 C:\xampp\htdocs\DWES\wallapop\system\Database\BaseConnection.php(607): CodeIgniter\Database\BaseConnection->simpleQuery('INSERT INTO `ar...')
#3 C:\xampp\htdocs\DWES\wallapop\system\Database\BaseBuilder.php(2308): CodeIgniter\Database\BaseConnection->query('INSERT INTO `ar...', Array, false)
#4 C:\xampp\htdocs\DWES\wallapop\system\Model.php(319): CodeIgniter\Database\BaseBuilder->insert()
#5 C:\xampp\htdocs\DWES\wallapop\system\BaseModel.php(788): CodeIgniter\Model->doInsert(Array)
#6 C:\xampp\htdocs\DWES\wallapop\system\Model.php(715): CodeIgniter\BaseModel->insert(Array, false)
#7 C:\xampp\htdocs\DWES\wallapop\system\BaseModel.php(698): CodeIgniter\Model->insert(Array, false)
#8 C:\xampp\htdocs\DWES\wallapop\app\Controllers\Articulos.php(42): CodeIgniter\BaseModel->save(Array)
#9 C:\xampp\htdocs\DWES\wallapop\system\CodeIgniter.php(942): App\Controllers\Articulos->guardar()
#10 C:\xampp\htdocs\DWES\wallapop\system\CodeIgniter.php(502): CodeIgniter\CodeIgniter->runController(Object(App\Controllers\Articulos))
#11 C:\xampp\htdocs\DWES\wallapop\system\CodeIgniter.php(361): CodeIgniter\CodeIgniter->handleRequest(NULL, Object(Config\Cache), false)
#12 C:\xampp\htdocs\DWES\wallapop\public\index.php(79): CodeIgniter\CodeIgniter->run()
#13 {main}
CRITICAL - 2024-01-29 11:46:23 --> Column 'nombre' cannot be null
in SYSTEMPATH\Database\BaseConnection.php on line 647.
 1 SYSTEMPATH\Database\BaseBuilder.php(2308): CodeIgniter\Database\BaseConnection->query('INSERT INTO `articulos` (`nombre`, `marca`, `precio`) VALUES (:nombre:, :marca:, :precio:)', [...], false)
 2 SYSTEMPATH\Model.php(319): CodeIgniter\Database\BaseBuilder->insert()
 3 SYSTEMPATH\BaseModel.php(788): CodeIgniter\Model->doInsert([...])
 4 SYSTEMPATH\Model.php(715): CodeIgniter\BaseModel->insert([...], false)
 5 SYSTEMPATH\BaseModel.php(698): CodeIgniter\Model->insert([...], false)
 6 APPPATH\Controllers\Articulos.php(42): CodeIgniter\BaseModel->save([...])
 7 SYSTEMPATH\CodeIgniter.php(942): App\Controllers\Articulos->guardar()
 8 SYSTEMPATH\CodeIgniter.php(502): CodeIgniter\CodeIgniter->runController(Object(App\Controllers\Articulos))
 9 SYSTEMPATH\CodeIgniter.php(361): CodeIgniter\CodeIgniter->handleRequest(null, Object(Config\Cache), false)
10 FCPATH\index.php(79): CodeIgniter\CodeIgniter->run()
