CRITICAL - 2023-12-18 09:13:42 --> Maximum execution time of 120 seconds exceeded
in SYSTEMPATH\Validation\Validation.php on line 754.
 1 [internal function]: CodeIgniter\Debug\Exceptions->shutdownHandler()
CRITICAL - 2023-12-18 09:13:43 --> Maximum execution time of 120 seconds exceeded
in SYSTEMPATH\Language\Language.php on line 181.
 1 [internal function]: CodeIgniter\Debug\Exceptions->shutdownHandler()
CRITICAL - 2023-12-18 09:13:43 --> Maximum execution time of 120 seconds exceeded
in SYSTEMPATH\Language\Language.php on line 102.
 1 [internal function]: CodeIgniter\Debug\Exceptions->shutdownHandler()
CRITICAL - 2023-12-18 09:13:43 --> Maximum execution time of 120 seconds exceeded
in SYSTEMPATH\Validation\Validation.php on line 170.
 1 [internal function]: CodeIgniter\Debug\Exceptions->shutdownHandler()
CRITICAL - 2023-12-18 09:13:43 --> Maximum execution time of 120 seconds exceeded
in SYSTEMPATH\Config\BaseService.php on line 268.
 1 [internal function]: CodeIgniter\Debug\Exceptions->shutdownHandler()
CRITICAL - 2023-12-18 09:13:44 --> Maximum execution time of 120 seconds exceeded
in SYSTEMPATH\Config\BaseService.php on line 258.
 1 [internal function]: CodeIgniter\Debug\Exceptions->shutdownHandler()
CRITICAL - 2023-12-18 09:13:44 --> Maximum execution time of 120 seconds exceeded
in SYSTEMPATH\Config\BaseService.php on line 268.
 1 [internal function]: CodeIgniter\Debug\Exceptions->shutdownHandler()
CRITICAL - 2023-12-18 09:13:46 --> Maximum execution time of 120 seconds exceeded
in SYSTEMPATH\Config\BaseService.php on line 0.
 1 [internal function]: CodeIgniter\Debug\Exceptions->shutdownHandler()
